[12:55:57.124] [INFO   ] thread main starting.
[12:55:57.130] [SEVERE ] cannot read configuration file config.properties trying from resources.
[12:55:57.132] [SEVERE ] configuration file was loaded from resources directory.
[12:55:57.495] [INFO   ] thread dealer starting.
[12:55:57.498] [INFO   ] Thread dealer starting.
[12:55:57.498] [INFO   ] Thread Thread-2starting.
[12:55:57.498] [INFO   ] Thread Thread-1starting.
[12:55:57.604] [SEVERE ] placing card 78 in slot 0
[12:55:57.705] [SEVERE ] placing card 39 in slot 1
[12:55:57.805] [SEVERE ] placing card 60 in slot 2
[12:55:57.906] [SEVERE ] placing card 33 in slot 3
[12:55:58.007] [SEVERE ] placing card 35 in slot 4
[12:55:58.108] [SEVERE ] placing card 0 in slot 5
[12:55:58.209] [SEVERE ] placing card 20 in slot 6
[12:55:58.310] [SEVERE ] placing card 47 in slot 7
[12:55:58.411] [SEVERE ] placing card 63 in slot 8
[12:55:58.512] [SEVERE ] placing card 54 in slot 9
[12:55:58.614] [SEVERE ] placing card 52 in slot 10
[12:55:58.715] [SEVERE ] placing card 62 in slot 11
[12:55:58.715] [SEVERE ] updating countdown to 60000
[12:55:59.426] [SEVERE ] key 83 was pressed by player 1
[12:55:59.427] [SEVERE ] player 1 placing token on slot 5
[12:55:59.715] [SEVERE ] updating countdown to 59000
[12:55:59.935] [SEVERE ] key 83 was pressed by player 1
[12:55:59.936] [SEVERE ] removing player 1 token from slot 5
[12:56:00.609] [SEVERE ] key 69 was pressed by player 1
[12:56:00.610] [SEVERE ] player 1 placing token on slot 2
[12:56:00.717] [SEVERE ] updating countdown to 58000
[12:56:01.134] [SEVERE ] key 82 was pressed by player 1
[12:56:01.135] [SEVERE ] player 1 placing token on slot 3
[12:56:01.721] [SEVERE ] updating countdown to 57000
[12:56:01.824] [SEVERE ] key 83 was pressed by player 1
[12:56:01.825] [SEVERE ] player 1 placing token on slot 5
[12:56:01.828] [SEVERE ] setting player 1 freeze to 3000
[12:56:02.721] [SEVERE ] updating countdown to 56000
[12:56:02.829] [SEVERE ] setting player 1 freeze to 2000
[12:56:03.722] [SEVERE ] updating countdown to 55000
[12:56:03.830] [SEVERE ] setting player 1 freeze to 1000
[12:56:04.718] [SEVERE ] updating countdown to 54000
[12:56:04.831] [SEVERE ] setting player 1 freeze to 0
[12:56:05.716] [SEVERE ] updating countdown to 53000
[12:56:06.088] [SEVERE ] exit button pressed
[12:56:06.196] [SEVERE ] removing tokens from slot 0
[12:56:06.196] [SEVERE ] removing card from slot 0
[12:56:06.297] [SEVERE ] removing tokens from slot 1
[12:56:06.298] [SEVERE ] removing card from slot 1
[12:56:06.399] [SEVERE ] removing tokens from slot 2
[12:56:06.400] [SEVERE ] removing card from slot 2
[12:56:06.501] [SEVERE ] removing tokens from slot 3
[12:56:06.502] [SEVERE ] removing card from slot 3
[12:56:06.603] [SEVERE ] removing tokens from slot 4
[12:56:06.603] [SEVERE ] removing card from slot 4
[12:56:06.704] [SEVERE ] removing tokens from slot 5
[12:56:06.706] [SEVERE ] removing card from slot 5
[12:56:06.807] [SEVERE ] removing tokens from slot 6
[12:56:06.807] [SEVERE ] removing card from slot 6
[12:56:06.908] [SEVERE ] removing tokens from slot 7
[12:56:06.909] [SEVERE ] removing card from slot 7
[12:56:07.010] [SEVERE ] removing tokens from slot 8
[12:56:07.011] [SEVERE ] removing card from slot 8
[12:56:07.112] [SEVERE ] removing tokens from slot 9
[12:56:07.113] [SEVERE ] removing card from slot 9
[12:56:07.214] [SEVERE ] removing tokens from slot 10
[12:56:07.215] [SEVERE ] removing card from slot 10
[12:56:07.316] [SEVERE ] removing tokens from slot 11
[12:56:07.317] [SEVERE ] removing card from slot 11
[12:56:07.322] [SEVERE ] announcing winner(s): player 1, player 2
[12:56:07.324] [INFO   ] Thread dealer terminated.
[12:56:07.324] [INFO   ] thread dealer terminated.
[12:56:07.324] [SEVERE ] thanks for playing... it was fun!
[12:56:07.325] [INFO   ] thread main terminated.
