[12:52:47.146] [INFO   ] thread main starting.
[12:52:47.152] [SEVERE ] cannot read configuration file config.properties trying from resources.
[12:52:47.154] [SEVERE ] configuration file was loaded from resources directory.
[12:52:47.533] [INFO   ] thread dealer starting.
[12:52:47.534] [INFO   ] Thread Thread-1starting.
[12:52:47.535] [INFO   ] Thread dealer starting.
[12:52:47.535] [INFO   ] Thread Thread-2starting.
[12:52:47.640] [SEVERE ] placing card 17 in slot 0
[12:52:47.740] [SEVERE ] placing card 6 in slot 1
[12:52:47.841] [SEVERE ] placing card 4 in slot 2
[12:52:47.942] [SEVERE ] placing card 40 in slot 3
[12:52:48.042] [SEVERE ] placing card 9 in slot 4
[12:52:48.142] [SEVERE ] placing card 11 in slot 5
[12:52:48.243] [SEVERE ] placing card 5 in slot 6
[12:52:48.344] [SEVERE ] placing card 71 in slot 7
[12:52:48.445] [SEVERE ] placing card 51 in slot 8
[12:52:48.546] [SEVERE ] placing card 20 in slot 9
[12:52:48.647] [SEVERE ] placing card 14 in slot 10
[12:52:48.748] [SEVERE ] placing card 36 in slot 11
[12:52:48.748] [SEVERE ] updating countdown to 60000
[12:52:49.750] [SEVERE ] updating countdown to 59000
[12:52:50.750] [SEVERE ] updating countdown to 58000
[12:52:51.751] [SEVERE ] updating countdown to 57000
[12:52:52.752] [SEVERE ] updating countdown to 56000
[12:52:53.752] [SEVERE ] updating countdown to 55000
[12:52:54.756] [SEVERE ] updating countdown to 54000
[12:52:55.750] [SEVERE ] updating countdown to 53000
[12:52:56.756] [SEVERE ] updating countdown to 52000
[12:52:57.751] [SEVERE ] updating countdown to 51000
[12:52:58.748] [SEVERE ] updating countdown to 50000
[12:52:59.750] [SEVERE ] updating countdown to 49000
[12:53:00.756] [SEVERE ] updating countdown to 48000
[12:53:01.748] [SEVERE ] updating countdown to 47000
[12:53:02.757] [SEVERE ] updating countdown to 46000
[12:53:03.749] [SEVERE ] updating countdown to 45000
[12:53:04.755] [SEVERE ] updating countdown to 44000
[12:53:05.751] [SEVERE ] updating countdown to 43000
[12:53:06.752] [SEVERE ] updating countdown to 42000
[12:53:07.749] [SEVERE ] updating countdown to 41000
[12:53:08.751] [SEVERE ] updating countdown to 40000
[12:53:09.757] [SEVERE ] updating countdown to 39000
[12:53:10.750] [SEVERE ] updating countdown to 38000
[12:53:11.754] [SEVERE ] updating countdown to 37000
[12:53:12.749] [SEVERE ] updating countdown to 36000
[12:53:13.756] [SEVERE ] updating countdown to 35000
[12:53:14.757] [SEVERE ] updating countdown to 34000
[12:53:15.752] [SEVERE ] updating countdown to 33000
[12:53:16.748] [SEVERE ] updating countdown to 32000
[12:53:17.749] [SEVERE ] updating countdown to 31000
[12:53:18.749] [SEVERE ] updating countdown to 30000
[12:53:18.954] [SEVERE ] exit button pressed
[12:53:19.064] [SEVERE ] removing tokens from slot 0
[12:53:19.065] [SEVERE ] removing card from slot 0
[12:53:19.166] [SEVERE ] removing tokens from slot 1
[12:53:19.167] [SEVERE ] removing card from slot 1
[12:53:19.268] [SEVERE ] removing tokens from slot 2
[12:53:19.269] [SEVERE ] removing card from slot 2
[12:53:19.370] [SEVERE ] removing tokens from slot 3
[12:53:19.370] [SEVERE ] removing card from slot 3
[12:53:19.471] [SEVERE ] removing tokens from slot 4
[12:53:19.472] [SEVERE ] removing card from slot 4
[12:53:19.573] [SEVERE ] removing tokens from slot 5
[12:53:19.574] [SEVERE ] removing card from slot 5
[12:53:19.675] [SEVERE ] removing tokens from slot 6
[12:53:19.676] [SEVERE ] removing card from slot 6
[12:53:19.777] [SEVERE ] removing tokens from slot 7
[12:53:19.777] [SEVERE ] removing card from slot 7
[12:53:19.878] [SEVERE ] removing tokens from slot 8
[12:53:19.879] [SEVERE ] removing card from slot 8
[12:53:19.980] [SEVERE ] removing tokens from slot 9
[12:53:19.981] [SEVERE ] removing card from slot 9
[12:53:20.082] [SEVERE ] removing tokens from slot 10
[12:53:20.082] [SEVERE ] removing card from slot 10
[12:53:20.183] [SEVERE ] removing tokens from slot 11
[12:53:20.184] [SEVERE ] removing card from slot 11
[12:53:20.188] [SEVERE ] announcing winner(s): player 1, player 2
[12:53:20.191] [INFO   ] Thread dealer terminated.
[12:53:20.191] [INFO   ] thread dealer terminated.
[12:53:20.192] [SEVERE ] thanks for playing... it was fun!
[12:53:20.193] [INFO   ] thread main terminated.
