[12:55:45.572] [INFO   ] thread main starting.
[12:55:45.577] [SEVERE ] cannot read configuration file config.properties trying from resources.
[12:55:45.578] [SEVERE ] configuration file was loaded from resources directory.
[12:55:45.876] [INFO   ] thread dealer starting.
[12:55:45.878] [INFO   ] Thread Thread-1starting.
[12:55:45.878] [INFO   ] Thread Thread-2starting.
[12:55:45.878] [INFO   ] Thread dealer starting.
[12:55:45.983] [SEVERE ] placing card 46 in slot 0
[12:55:46.084] [SEVERE ] placing card 23 in slot 1
[12:55:46.184] [SEVERE ] placing card 61 in slot 2
[12:55:46.285] [SEVERE ] placing card 35 in slot 3
[12:55:46.386] [SEVERE ] placing card 5 in slot 4
[12:55:46.488] [SEVERE ] placing card 28 in slot 5
[12:55:46.589] [SEVERE ] placing card 31 in slot 6
[12:55:46.689] [SEVERE ] placing card 54 in slot 7
[12:55:46.790] [SEVERE ] placing card 14 in slot 8
[12:55:46.891] [SEVERE ] placing card 41 in slot 9
[12:55:46.992] [SEVERE ] placing card 71 in slot 10
[12:55:47.093] [SEVERE ] placing card 8 in slot 11
[12:55:47.094] [SEVERE ] updating countdown to 60000
[12:55:48.098] [SEVERE ] updating countdown to 59000
[12:55:49.100] [SEVERE ] updating countdown to 58000
[12:55:50.095] [SEVERE ] updating countdown to 57000
[12:55:50.955] [SEVERE ] exit button pressed
[12:55:51.056] [SEVERE ] removing tokens from slot 0
[12:55:51.057] [SEVERE ] removing card from slot 0
[12:55:51.158] [SEVERE ] removing tokens from slot 1
[12:55:51.159] [SEVERE ] removing card from slot 1
[12:55:51.260] [SEVERE ] removing tokens from slot 2
[12:55:51.261] [SEVERE ] removing card from slot 2
[12:55:51.362] [SEVERE ] removing tokens from slot 3
[12:55:51.363] [SEVERE ] removing card from slot 3
[12:55:51.464] [SEVERE ] removing tokens from slot 4
[12:55:51.465] [SEVERE ] removing card from slot 4
[12:55:51.566] [SEVERE ] removing tokens from slot 5
[12:55:51.567] [SEVERE ] removing card from slot 5
[12:55:51.668] [SEVERE ] removing tokens from slot 6
[12:55:51.669] [SEVERE ] removing card from slot 6
[12:55:51.771] [SEVERE ] removing tokens from slot 7
[12:55:51.771] [SEVERE ] removing card from slot 7
[12:55:51.873] [SEVERE ] removing tokens from slot 8
[12:55:51.873] [SEVERE ] removing card from slot 8
[12:55:51.975] [SEVERE ] removing tokens from slot 9
[12:55:51.975] [SEVERE ] removing card from slot 9
[12:55:52.076] [SEVERE ] removing tokens from slot 10
[12:55:52.077] [SEVERE ] removing card from slot 10
[12:55:52.179] [SEVERE ] removing tokens from slot 11
[12:55:52.179] [SEVERE ] removing card from slot 11
[12:55:52.185] [SEVERE ] announcing winner(s): player 1, player 2
[12:55:52.186] [INFO   ] Thread dealer terminated.
[12:55:52.187] [INFO   ] thread dealer terminated.
[12:55:52.187] [SEVERE ] thanks for playing... it was fun!
[12:55:52.188] [INFO   ] thread main terminated.
