[12:43:20.292] [INFO   ] thread main starting.
[12:43:20.298] [SEVERE ] cannot read configuration file config.properties trying from resources.
[12:43:20.300] [SEVERE ] configuration file was loaded from resources directory.
[12:43:20.692] [INFO   ] thread dealer starting.
[12:43:20.692] [INFO   ] Thread Thread-1starting.
[12:43:20.695] [INFO   ] Thread dealer starting.
[12:43:20.695] [INFO   ] Thread Thread-2starting.
[12:43:20.699] [SEVERE ] placing card 48 in slot 0
[12:43:20.701] [SEVERE ] placing card 50 in slot 1
[12:43:20.701] [SEVERE ] placing card 79 in slot 2
[12:43:20.703] [SEVERE ] placing card 41 in slot 3
[12:43:20.711] [SEVERE ] placing card 26 in slot 4
[12:43:20.711] [SEVERE ] placing card 4 in slot 5
[12:43:20.712] [SEVERE ] placing card 36 in slot 6
[12:43:20.713] [SEVERE ] placing card 34 in slot 7
[12:43:20.713] [SEVERE ] placing card 27 in slot 8
[12:43:20.714] [SEVERE ] placing card 77 in slot 9
[12:43:20.718] [SEVERE ] placing card 47 in slot 10
[12:43:20.719] [SEVERE ] placing card 69 in slot 11
[12:43:20.719] [SEVERE ] updating countdown to 60000
[12:43:21.725] [SEVERE ] updating countdown to 59000
[12:43:22.722] [SEVERE ] updating countdown to 58000
[12:43:23.321] [SEVERE ] exit button pressed
[12:43:23.325] [SEVERE ] removing tokens from slot 0
[12:43:23.325] [SEVERE ] removing card from slot 0
[12:43:23.326] [SEVERE ] removing tokens from slot 1
[12:43:23.327] [SEVERE ] removing card from slot 1
[12:43:23.328] [SEVERE ] removing tokens from slot 2
[12:43:23.328] [SEVERE ] removing card from slot 2
[12:43:23.329] [SEVERE ] removing tokens from slot 3
[12:43:23.330] [SEVERE ] removing card from slot 3
[12:43:23.330] [SEVERE ] removing tokens from slot 4
[12:43:23.331] [SEVERE ] removing card from slot 4
[12:43:23.331] [SEVERE ] removing tokens from slot 5
[12:43:23.332] [SEVERE ] removing card from slot 5
[12:43:23.332] [SEVERE ] removing tokens from slot 6
[12:43:23.333] [SEVERE ] removing card from slot 6
[12:43:23.333] [SEVERE ] removing tokens from slot 7
[12:43:23.334] [SEVERE ] removing card from slot 7
[12:43:23.334] [SEVERE ] removing tokens from slot 8
[12:43:23.335] [SEVERE ] removing card from slot 8
[12:43:23.335] [SEVERE ] removing tokens from slot 9
[12:43:23.336] [SEVERE ] removing card from slot 9
[12:43:23.336] [SEVERE ] removing tokens from slot 10
[12:43:23.337] [SEVERE ] removing card from slot 10
[12:43:23.337] [SEVERE ] removing tokens from slot 11
[12:43:23.338] [SEVERE ] removing card from slot 11
[12:43:23.339] [SEVERE ] announcing winner(s): player 1, player 2
[12:43:23.340] [INFO   ] Thread dealer terminated.
[12:43:23.340] [INFO   ] thread dealer terminated.
[12:43:23.340] [SEVERE ] thanks for playing... it was fun!
[12:43:23.341] [INFO   ] thread main terminated.
