[12:41:08.456] [INFO   ] thread main starting.
[12:41:08.461] [SEVERE ] cannot read configuration file config.properties trying from resources.
[12:41:08.462] [SEVERE ] configuration file was loaded from resources directory.
[12:41:08.900] [INFO   ] thread dealer starting.
[12:41:08.901] [INFO   ] Thread Thread-1starting.
[12:41:08.901] [INFO   ] Thread dealer starting.
[12:41:08.901] [INFO   ] Thread Thread-2starting.
[12:41:08.909] [SEVERE ] placing card 13 in slot 0
[12:41:08.910] [SEVERE ] placing card 23 in slot 1
[12:41:08.910] [SEVERE ] placing card 33 in slot 2
[12:41:08.911] [SEVERE ] placing card 39 in slot 3
[12:41:08.911] [SEVERE ] placing card 26 in slot 4
[12:41:08.912] [SEVERE ] placing card 16 in slot 5
[12:41:08.918] [SEVERE ] placing card 32 in slot 6
[12:41:08.919] [SEVERE ] placing card 35 in slot 7
[12:41:08.920] [SEVERE ] placing card 21 in slot 8
[12:41:08.927] [SEVERE ] placing card 2 in slot 9
[12:41:08.928] [SEVERE ] placing card 40 in slot 10
[12:41:08.929] [SEVERE ] placing card 78 in slot 11
[12:41:08.929] [SEVERE ] updating countdown to 60000
[12:41:09.937] [SEVERE ] updating countdown to 59000
[12:41:10.932] [SEVERE ] updating countdown to 58000
[12:41:11.935] [SEVERE ] updating countdown to 57000
[12:41:12.932] [SEVERE ] updating countdown to 56000
[12:41:13.936] [SEVERE ] updating countdown to 55000
[12:41:14.936] [SEVERE ] updating countdown to 54000
[12:41:15.934] [SEVERE ] updating countdown to 53000
[12:41:16.936] [SEVERE ] updating countdown to 52000
[12:41:17.705] [SEVERE ] exit button pressed
[12:41:17.714] [SEVERE ] removing tokens from slot 0
[12:41:17.715] [SEVERE ] removing card from slot 0
[12:41:17.716] [SEVERE ] removing tokens from slot 1
[12:41:17.716] [SEVERE ] removing card from slot 1
[12:41:17.717] [SEVERE ] removing tokens from slot 2
[12:41:17.718] [SEVERE ] removing card from slot 2
[12:41:17.718] [SEVERE ] removing tokens from slot 3
[12:41:17.719] [SEVERE ] removing card from slot 3
[12:41:17.720] [SEVERE ] removing tokens from slot 4
[12:41:17.720] [SEVERE ] removing card from slot 4
[12:41:17.721] [SEVERE ] removing tokens from slot 5
[12:41:17.722] [SEVERE ] removing card from slot 5
[12:41:17.722] [SEVERE ] removing tokens from slot 6
[12:41:17.723] [SEVERE ] removing card from slot 6
[12:41:17.723] [SEVERE ] removing tokens from slot 7
[12:41:17.724] [SEVERE ] removing card from slot 7
[12:41:17.724] [SEVERE ] removing tokens from slot 8
[12:41:17.725] [SEVERE ] removing card from slot 8
[12:41:17.725] [SEVERE ] removing tokens from slot 9
[12:41:17.726] [SEVERE ] removing card from slot 9
[12:41:17.726] [SEVERE ] removing tokens from slot 10
[12:41:17.727] [SEVERE ] removing card from slot 10
[12:41:17.727] [SEVERE ] removing tokens from slot 11
[12:41:17.728] [SEVERE ] removing card from slot 11
[12:41:17.730] [SEVERE ] announcing winner(s): player 1, player 2
[12:41:17.730] [INFO   ] Thread dealer terminated.
[12:41:17.731] [INFO   ] thread dealer terminated.
[12:41:17.731] [SEVERE ] thanks for playing... it was fun!
[12:41:17.731] [INFO   ] thread main terminated.
