[11:59:57.943] [INFO   ] thread main starting.
[11:59:57.951] [SEVERE ] cannot read configuration file config.properties trying from resources.
[11:59:57.953] [SEVERE ] configuration file was loaded from resources directory.
[11:59:58.628] [INFO   ] thread dealer starting.
[11:59:58.630] [INFO   ] Thread Thread-1starting.
[11:59:58.630] [INFO   ] Thread Thread-2starting.
[11:59:58.631] [INFO   ] Thread Thread-3starting.
[11:59:58.632] [INFO   ] Thread Thread-4starting.
[11:59:58.632] [INFO   ] Thread Thread-6 starting.
[11:59:58.632] [INFO   ] Thread Thread-5starting.
[11:59:58.632] [INFO   ] Thread Thread-7starting.
[11:59:58.632] [INFO   ] Thread dealer starting.
[11:59:58.637] [INFO   ] Thread Thread-9 starting.
[11:59:58.636] [INFO   ] Thread Thread-8 starting.
[11:59:58.650] [INFO   ] Thread Thread-10 starting.
[11:59:58.743] [SEVERE ] placing card 63 in slot 0
[11:59:58.856] [SEVERE ] placing card 9 in slot 1
[11:59:58.957] [SEVERE ] placing card 27 in slot 2
[11:59:59.057] [SEVERE ] placing card 34 in slot 3
[11:59:59.157] [SEVERE ] placing card 18 in slot 4
[11:59:59.258] [SEVERE ] placing card 3 in slot 5
[11:59:59.358] [SEVERE ] placing card 21 in slot 6
[11:59:59.459] [SEVERE ] placing card 47 in slot 7
[11:59:59.559] [SEVERE ] placing card 72 in slot 8
[11:59:59.660] [SEVERE ] placing card 61 in slot 9
[11:59:59.761] [SEVERE ] placing card 58 in slot 10
[11:59:59.861] [SEVERE ] placing card 2 in slot 11
[11:59:59.862] [SEVERE ] updating countdown to 10000
[11:59:59.884] [SEVERE ] player 5 placing token on slot 7
[11:59:59.888] [SEVERE ] player 3 placing token on slot 4
[11:59:59.895] [SEVERE ] player 6 placing token on slot 8
[11:59:59.902] [SEVERE ] player 4 placing token on slot 3
[11:59:59.916] [SEVERE ] player 5 placing token on slot 6
[11:59:59.920] [SEVERE ] player 3 placing token on slot 6
[11:59:59.920] [SEVERE ] player 6 placing token on slot 4
[11:59:59.935] [SEVERE ] player 4 placing token on slot 9
[11:59:59.947] [SEVERE ] player 5 placing token on slot 10
[11:59:59.948] [SEVERE ] removing player 5 token from slot 6
[11:59:59.948] [SEVERE ] setting player 5 freeze to 0
[11:59:59.949] [SEVERE ] removing player 5 token from slot 7
[11:59:59.950] [SEVERE ] removing player 5 token from slot 10
[11:59:59.950] [SEVERE ] player 5 placing token on slot 0
[11:59:59.957] [SEVERE ] player 6 placing token on slot 11
[11:59:59.958] [SEVERE ] player 3 placing token on slot 1
[11:59:59.958] [SEVERE ] removing player 3 token from slot 1
[11:59:59.959] [SEVERE ] removing player 3 token from slot 4
[11:59:59.959] [SEVERE ] removing player 3 token from slot 6
[11:59:59.958] [SEVERE ] setting player 3 freeze to 0
[11:59:59.961] [SEVERE ] removing player 6 token from slot 4
[11:59:59.962] [SEVERE ] setting player 6 freeze to 0
[11:59:59.963] [SEVERE ] removing player 6 token from slot 8
[11:59:59.964] [SEVERE ] removing player 6 token from slot 11
[11:59:59.965] [SEVERE ] player 3 placing token on slot 1
[11:59:59.966] [SEVERE ] player 6 placing token on slot 7
[11:59:59.973] [SEVERE ] player 4 placing token on slot 1
[11:59:59.973] [SEVERE ] removing player 4 token from slot 1
[11:59:59.974] [SEVERE ] removing player 4 token from slot 3
[11:59:59.973] [SEVERE ] setting player 4 freeze to 0
[11:59:59.974] [SEVERE ] removing player 4 token from slot 9
[11:59:59.975] [SEVERE ] player 4 placing token on slot 8
[11:59:59.977] [SEVERE ] player 5 placing token on slot 7
[11:59:59.996] [SEVERE ] player 3 placing token on slot 3
[11:59:59.999] [SEVERE ] player 6 placing token on slot 9
[12:00:00.010] [SEVERE ] player 5 placing token on slot 1
[12:00:00.012] [SEVERE ] removing player 5 token from slot 0
[12:00:00.013] [SEVERE ] removing player 5 token from slot 1
[12:00:00.013] [SEVERE ] removing player 5 token from slot 7
[12:00:00.012] [SEVERE ] setting player 5 freeze to 0
[12:00:00.014] [SEVERE ] player 4 placing token on slot 10
[12:00:00.016] [SEVERE ] player 5 placing token on slot 1
[12:00:00.020] [SEVERE ] player 3 placing token on slot 6
[12:00:00.022] [SEVERE ] removing player 3 token from slot 1
[12:00:00.022] [SEVERE ] setting player 3 freeze to 0
[12:00:00.227] [SEVERE ] removing player 3 token from slot 3
[12:00:00.228] [SEVERE ] removing player 3 token from slot 6
[12:00:00.229] [SEVERE ] player 5 placing token on slot 8
[12:00:00.230] [SEVERE ] player 4 placing token on slot 2
[12:00:00.231] [SEVERE ] player 6 placing token on slot 6
[12:00:00.232] [SEVERE ] player 3 placing token on slot 8
[12:00:00.236] [SEVERE ] removing player 4 token from slot 2
[12:00:00.237] [SEVERE ] setting player 4 freeze to 0
[12:00:00.237] [SEVERE ] setting player 6 freeze to 0
[12:00:00.237] [SEVERE ] removing player 4 token from slot 8
[12:00:00.240] [SEVERE ] removing player 4 token from slot 10
[12:00:00.241] [SEVERE ] removing player 6 token from slot 6
[12:00:00.241] [SEVERE ] removing player 6 token from slot 7
[12:00:00.242] [SEVERE ] removing player 6 token from slot 9
[12:00:00.243] [SEVERE ] player 6 placing token on slot 0
[12:00:00.264] [SEVERE ] player 4 placing token on slot 0
[12:00:00.267] [SEVERE ] player 3 placing token on slot 10
[12:00:00.268] [SEVERE ] player 5 placing token on slot 4
[12:00:00.271] [SEVERE ] removing player 5 token from slot 1
[12:00:00.271] [SEVERE ] setting player 5 freeze to 0
[12:00:00.272] [SEVERE ] removing player 5 token from slot 4
[12:00:00.273] [SEVERE ] removing player 5 token from slot 8
[12:00:00.273] [SEVERE ] player 6 placing token on slot 6
[12:00:00.274] [SEVERE ] player 5 placing token on slot 2
[12:00:00.295] [SEVERE ] player 6 placing token on slot 5
[12:00:00.296] [SEVERE ] player 4 placing token on slot 2
[12:00:00.296] [SEVERE ] setting player 6 freeze to 0
[12:00:00.296] [SEVERE ] removing player 6 token from slot 0
[12:00:00.296] [SEVERE ] removing player 6 token from slot 5
[12:00:00.297] [SEVERE ] removing player 6 token from slot 6
[12:00:00.297] [SEVERE ] player 5 placing token on slot 4
[12:00:00.297] [SEVERE ] player 6 placing token on slot 4
[12:00:00.301] [SEVERE ] player 3 placing token on slot 0
[12:00:00.301] [SEVERE ] removing player 3 token from slot 0
[12:00:00.301] [SEVERE ] setting player 3 freeze to 0
[12:00:00.302] [SEVERE ] removing player 3 token from slot 8
[12:00:00.303] [SEVERE ] removing player 3 token from slot 10
[12:00:00.304] [SEVERE ] player 3 placing token on slot 10
[12:00:00.319] [SEVERE ] player 5 placing token on slot 6
[12:00:00.319] [SEVERE ] removing player 5 token from slot 2
[12:00:00.320] [SEVERE ] removing player 5 token from slot 4
[12:00:00.320] [SEVERE ] removing player 5 token from slot 6
[12:00:00.320] [SEVERE ] setting player 5 freeze to 0
[12:00:00.321] [SEVERE ] player 5 placing token on slot 3
[12:00:00.326] [SEVERE ] player 6 placing token on slot 5
[12:00:00.326] [SEVERE ] player 4 placing token on slot 3
[12:00:00.327] [SEVERE ] removing player 4 token from slot 0
[12:00:00.327] [SEVERE ] removing player 4 token from slot 2
[12:00:00.327] [SEVERE ] setting player 4 freeze to 0
[12:00:00.329] [SEVERE ] removing player 4 token from slot 3
[12:00:00.330] [SEVERE ] player 4 placing token on slot 11
[12:00:00.350] [SEVERE ] player 3 placing token on slot 9
[12:00:00.351] [SEVERE ] player 5 placing token on slot 11
[12:00:00.352] [SEVERE ] player 4 placing token on slot 3
[12:00:00.370] [SEVERE ] player 6 placing token on slot 3
[12:00:00.372] [SEVERE ] removing player 6 token from slot 3
[12:00:00.372] [SEVERE ] setting player 6 freeze to 0
[12:00:00.372] [SEVERE ] removing player 6 token from slot 4
[12:00:00.373] [SEVERE ] removing player 6 token from slot 5
[12:00:00.373] [SEVERE ] player 6 placing token on slot 2
[12:00:00.378] [SEVERE ] player 3 placing token on slot 1
[12:00:00.379] [SEVERE ] removing player 3 token from slot 1
[12:00:00.380] [SEVERE ] setting player 3 freeze to 0
[12:00:00.380] [SEVERE ] removing player 3 token from slot 9
[12:00:00.381] [SEVERE ] removing player 3 token from slot 10
[12:00:00.382] [SEVERE ] player 3 placing token on slot 7
[12:00:00.383] [SEVERE ] player 4 placing token on slot 10
[12:00:00.384] [SEVERE ] removing player 4 token from slot 3
[12:00:00.384] [SEVERE ] setting player 4 freeze to 0
[12:00:00.384] [SEVERE ] removing player 4 token from slot 10
[12:00:00.385] [SEVERE ] removing player 4 token from slot 11
[12:00:00.386] [SEVERE ] player 5 placing token on slot 9
[12:00:00.386] [SEVERE ] player 4 placing token on slot 11
[12:00:00.387] [SEVERE ] removing player 5 token from slot 3
[12:00:00.387] [SEVERE ] setting player 5 freeze to 0
[12:00:00.387] [SEVERE ] removing player 5 token from slot 9
[12:00:00.388] [SEVERE ] removing player 5 token from slot 11
[12:00:00.388] [SEVERE ] player 5 placing token on slot 8
[12:00:00.401] [SEVERE ] player 6 placing token on slot 4
[12:00:00.413] [SEVERE ] player 3 placing token on slot 1
[12:00:00.424] [SEVERE ] player 5 placing token on slot 2
[12:00:00.425] [SEVERE ] player 4 placing token on slot 7
[12:00:00.435] [SEVERE ] player 6 placing token on slot 5
[12:00:00.436] [SEVERE ] removing player 6 token from slot 2
[12:00:00.436] [SEVERE ] setting player 6 freeze to 0
[12:00:00.436] [SEVERE ] removing player 6 token from slot 4
[12:00:00.437] [SEVERE ] removing player 6 token from slot 5
[12:00:00.438] [SEVERE ] player 6 placing token on slot 3
[12:00:00.449] [SEVERE ] player 5 placing token on slot 11
[12:00:00.450] [SEVERE ] removing player 5 token from slot 2
[12:00:00.450] [SEVERE ] setting player 5 freeze to 0
[12:00:00.450] [SEVERE ] removing player 5 token from slot 8
[12:00:00.451] [SEVERE ] removing player 5 token from slot 11
[12:00:00.452] [SEVERE ] player 3 placing token on slot 10
[12:00:00.452] [SEVERE ] player 5 placing token on slot 9
[12:00:00.453] [SEVERE ] removing player 3 token from slot 1
[12:00:00.453] [SEVERE ] setting player 3 freeze to 0
[12:00:00.453] [SEVERE ] removing player 3 token from slot 7
[12:00:00.455] [SEVERE ] removing player 3 token from slot 10
[12:00:00.456] [SEVERE ] player 3 placing token on slot 10
[12:00:00.460] [SEVERE ] exit button pressed
[12:00:00.462] [INFO   ] Thread Thread-8 terminated.
[12:00:00.462] [SEVERE ] player 4 placing token on slot 0
[12:00:00.463] [INFO   ] Thread Thread-4 terminated.
[12:00:00.466] [INFO   ] Thread Thread-10 terminated.
[12:00:00.466] [SEVERE ] player 6 placing token on slot 2
[12:00:00.467] [INFO   ] Thread Thread-7 terminated.
[12:00:00.485] [INFO   ] Thread Thread-6 terminated.
[12:00:00.485] [SEVERE ] player 3 placing token on slot 8
[12:00:00.486] [INFO   ] Thread Thread-3 terminated.
[12:00:00.489] [INFO   ] Thread Thread-9 terminated.
[12:00:00.489] [SEVERE ] player 5 placing token on slot 1
[12:00:00.490] [INFO   ] Thread Thread-5 terminated.
[12:00:00.563] [SEVERE ] removing tokens from slot 0
[12:00:00.564] [SEVERE ] removing card from slot 0
[12:00:00.665] [SEVERE ] removing tokens from slot 1
[12:00:00.665] [SEVERE ] removing card from slot 1
[12:00:00.766] [SEVERE ] removing tokens from slot 2
[12:00:00.767] [SEVERE ] removing card from slot 2
[12:00:00.868] [SEVERE ] removing tokens from slot 3
[12:00:00.869] [SEVERE ] removing card from slot 3
[12:00:00.970] [SEVERE ] removing tokens from slot 4
[12:00:00.970] [SEVERE ] removing card from slot 4
[12:00:01.071] [SEVERE ] removing tokens from slot 5
[12:00:01.071] [SEVERE ] removing card from slot 5
[12:00:01.172] [SEVERE ] removing tokens from slot 6
[12:00:01.173] [SEVERE ] removing card from slot 6
[12:00:01.274] [SEVERE ] removing tokens from slot 7
[12:00:01.275] [SEVERE ] removing card from slot 7
[12:00:01.376] [SEVERE ] removing tokens from slot 8
[12:00:01.376] [SEVERE ] removing card from slot 8
[12:00:01.477] [SEVERE ] removing tokens from slot 9
[12:00:01.477] [SEVERE ] removing card from slot 9
[12:00:01.578] [SEVERE ] removing tokens from slot 10
[12:00:01.578] [SEVERE ] removing card from slot 10
[12:00:01.679] [SEVERE ] removing tokens from slot 11
[12:00:01.679] [SEVERE ] removing card from slot 11
[12:00:01.683] [SEVERE ] announcing winner(s): player 1, player 2, player 3, player 4, player 5, player 6
[12:00:01.687] [INFO   ] Thread dealer terminated.
[12:00:01.687] [INFO   ] thread dealer terminated.
[12:00:01.688] [SEVERE ] thanks for playing... it was fun!
[12:00:01.689] [INFO   ] thread main terminated.
