[11:55:44.306] [INFO   ] thread main starting.
[11:55:44.312] [SEVERE ] cannot read configuration file config.properties trying from resources.
[11:55:44.314] [SEVERE ] configuration file was loaded from resources directory.
[11:55:44.850] [INFO   ] thread dealer starting.
[11:55:44.851] [INFO   ] Thread Thread-1starting.
[11:55:44.851] [INFO   ] Thread Thread-2starting.
[11:55:44.851] [INFO   ] Thread dealer starting.
[11:55:44.960] [SEVERE ] placing card 77 in slot 0
[11:55:45.060] [SEVERE ] placing card 25 in slot 1
[11:55:45.161] [SEVERE ] placing card 63 in slot 2
[11:55:45.261] [SEVERE ] placing card 6 in slot 3
[11:55:45.362] [SEVERE ] placing card 64 in slot 4
[11:55:45.463] [SEVERE ] placing card 58 in slot 5
[11:55:45.565] [SEVERE ] placing card 3 in slot 6
[11:55:45.665] [SEVERE ] placing card 65 in slot 7
[11:55:45.767] [SEVERE ] placing card 75 in slot 8
[11:55:45.868] [SEVERE ] placing card 15 in slot 9
[11:55:45.969] [SEVERE ] placing card 52 in slot 10
[11:55:46.070] [SEVERE ] placing card 72 in slot 11
[11:55:46.071] [SEVERE ] updating countdown to 60000
[11:55:47.072] [SEVERE ] updating countdown to 59000
[11:55:48.078] [SEVERE ] updating countdown to 58000
[11:55:49.075] [SEVERE ] updating countdown to 57000
[11:55:49.701] [SEVERE ] exit button pressed
[11:55:49.805] [SEVERE ] removing tokens from slot 0
[11:55:49.805] [SEVERE ] removing card from slot 0
[11:55:49.907] [SEVERE ] removing tokens from slot 1
[11:55:49.908] [SEVERE ] removing card from slot 1
[11:55:50.009] [SEVERE ] removing tokens from slot 2
[11:55:50.010] [SEVERE ] removing card from slot 2
[11:55:50.111] [SEVERE ] removing tokens from slot 3
[11:55:50.112] [SEVERE ] removing card from slot 3
[11:55:50.213] [SEVERE ] removing tokens from slot 4
[11:55:50.214] [SEVERE ] removing card from slot 4
[11:55:50.315] [SEVERE ] removing tokens from slot 5
[11:55:50.316] [SEVERE ] removing card from slot 5
[11:55:50.417] [SEVERE ] removing tokens from slot 6
[11:55:50.418] [SEVERE ] removing card from slot 6
[11:55:50.519] [SEVERE ] removing tokens from slot 7
[11:55:50.519] [SEVERE ] removing card from slot 7
[11:55:50.620] [SEVERE ] removing tokens from slot 8
[11:55:50.621] [SEVERE ] removing card from slot 8
[11:55:50.722] [SEVERE ] removing tokens from slot 9
[11:55:50.722] [SEVERE ] removing card from slot 9
[11:55:50.823] [SEVERE ] removing tokens from slot 10
[11:55:50.824] [SEVERE ] removing card from slot 10
[11:55:50.924] [SEVERE ] removing tokens from slot 11
[11:55:50.925] [SEVERE ] removing card from slot 11
[11:55:50.931] [SEVERE ] announcing winner(s): player 1, player 2
[11:55:50.935] [INFO   ] Thread dealer terminated.
[11:55:50.936] [INFO   ] thread dealer terminated.
[11:55:50.936] [SEVERE ] thanks for playing... it was fun!
[11:55:50.938] [INFO   ] thread main terminated.
