[11:42:35.216] [INFO   ] thread main starting.
[11:42:35.223] [SEVERE ] cannot read configuration file config.properties trying from resources.
[11:42:35.224] [SEVERE ] configuration file was loaded from resources directory.
[11:42:35.695] [INFO   ] thread dealer starting.
[11:42:35.699] [INFO   ] Thread Thread-1starting.
[11:42:35.700] [INFO   ] Thread dealer starting.
[11:42:35.700] [INFO   ] Thread Thread-2starting.
[11:42:35.707] [SEVERE ] placing card 24 in slot 0
[11:42:35.707] [SEVERE ] placing card 80 in slot 1
[11:42:35.709] [SEVERE ] placing card 75 in slot 2
[11:42:35.720] [SEVERE ] placing card 54 in slot 3
[11:42:35.720] [SEVERE ] placing card 76 in slot 4
[11:42:35.724] [SEVERE ] placing card 42 in slot 5
[11:42:35.724] [SEVERE ] placing card 57 in slot 6
[11:42:35.725] [SEVERE ] placing card 45 in slot 7
[11:42:35.725] [SEVERE ] placing card 48 in slot 8
[11:42:35.727] [SEVERE ] placing card 72 in slot 9
[11:42:35.727] [SEVERE ] placing card 10 in slot 10
[11:42:35.727] [SEVERE ] placing card 53 in slot 11
[11:42:35.728] [SEVERE ] updating countdown to 60000
[11:42:36.734] [SEVERE ] updating countdown to 59000
[11:42:37.732] [SEVERE ] updating countdown to 58000
[11:42:38.734] [SEVERE ] updating countdown to 57000
[11:42:39.736] [SEVERE ] updating countdown to 56000
[11:42:40.730] [SEVERE ] updating countdown to 55000
[11:42:41.735] [SEVERE ] updating countdown to 54000
[11:42:42.730] [SEVERE ] updating countdown to 53000
[11:42:43.731] [SEVERE ] updating countdown to 52000
[11:42:44.729] [SEVERE ] updating countdown to 51000
[11:42:45.733] [SEVERE ] updating countdown to 50000
[11:42:46.731] [SEVERE ] updating countdown to 49000
[11:42:47.729] [SEVERE ] updating countdown to 48000
[11:42:48.730] [SEVERE ] updating countdown to 47000
[11:42:49.733] [SEVERE ] updating countdown to 46000
[11:42:50.736] [SEVERE ] updating countdown to 45000
[11:42:51.735] [SEVERE ] updating countdown to 44000
[11:42:52.736] [SEVERE ] updating countdown to 43000
[11:42:53.729] [SEVERE ] updating countdown to 42000
[11:42:54.733] [SEVERE ] updating countdown to 41000
[11:42:55.732] [SEVERE ] updating countdown to 40000
[11:42:56.737] [SEVERE ] updating countdown to 39000
[11:42:57.729] [SEVERE ] updating countdown to 38000
[11:42:58.736] [SEVERE ] updating countdown to 37000
[11:42:59.273] [SEVERE ] exit button pressed
[11:42:59.275] [SEVERE ] removing tokens from slot 0
[11:42:59.277] [SEVERE ] removing card from slot 0
[11:42:59.278] [SEVERE ] removing tokens from slot 1
[11:42:59.278] [SEVERE ] removing card from slot 1
[11:42:59.279] [SEVERE ] removing tokens from slot 2
[11:42:59.279] [SEVERE ] removing card from slot 2
[11:42:59.280] [SEVERE ] removing tokens from slot 3
[11:42:59.281] [SEVERE ] removing card from slot 3
[11:42:59.282] [SEVERE ] removing tokens from slot 4
[11:42:59.282] [SEVERE ] removing card from slot 4
[11:42:59.283] [SEVERE ] removing tokens from slot 5
[11:42:59.283] [SEVERE ] removing card from slot 5
[11:42:59.284] [SEVERE ] removing tokens from slot 6
[11:42:59.285] [SEVERE ] removing card from slot 6
[11:42:59.285] [SEVERE ] removing tokens from slot 7
[11:42:59.286] [SEVERE ] removing card from slot 7
[11:42:59.286] [SEVERE ] removing tokens from slot 8
[11:42:59.287] [SEVERE ] removing card from slot 8
[11:42:59.288] [SEVERE ] removing tokens from slot 9
[11:42:59.288] [SEVERE ] removing card from slot 9
[11:42:59.289] [SEVERE ] removing tokens from slot 10
[11:42:59.289] [SEVERE ] removing card from slot 10
[11:42:59.290] [SEVERE ] removing tokens from slot 11
[11:42:59.291] [SEVERE ] removing card from slot 11
[11:42:59.295] [SEVERE ] announcing winner(s): player 1, player 2
[11:42:59.298] [INFO   ] Thread dealer terminated.
[11:42:59.298] [INFO   ] thread dealer terminated.
[11:42:59.299] [SEVERE ] thanks for playing... it was fun!
[11:42:59.301] [INFO   ] thread main terminated.
