[12:50:06.951] [INFO   ] thread main starting.
[12:50:06.957] [SEVERE ] cannot read configuration file config.properties trying from resources.
[12:50:06.959] [SEVERE ] configuration file was loaded from resources directory.
[12:50:07.369] [INFO   ] thread dealer starting.
[12:50:07.374] [INFO   ] Thread Thread-1starting.
[12:50:07.374] [INFO   ] Thread Thread-2starting.
[12:50:07.374] [INFO   ] Thread dealer starting.
[12:50:07.482] [SEVERE ] placing card 23 in slot 0
[12:50:07.583] [SEVERE ] placing card 62 in slot 1
[12:50:07.684] [SEVERE ] placing card 73 in slot 2
[12:50:07.785] [SEVERE ] placing card 80 in slot 3
[12:50:07.886] [SEVERE ] placing card 53 in slot 4
[12:50:07.987] [SEVERE ] placing card 7 in slot 5
[12:50:08.088] [SEVERE ] placing card 39 in slot 6
[12:50:08.189] [SEVERE ] placing card 45 in slot 7
[12:50:08.290] [SEVERE ] placing card 9 in slot 8
[12:50:08.390] [SEVERE ] placing card 12 in slot 9
[12:50:08.492] [SEVERE ] placing card 4 in slot 10
[12:50:08.593] [SEVERE ] placing card 46 in slot 11
[12:50:08.594] [SEVERE ] updating countdown to 60000
[12:50:09.596] [SEVERE ] updating countdown to 59000
[12:50:10.600] [SEVERE ] updating countdown to 58000
[12:50:11.594] [SEVERE ] updating countdown to 57000
[12:50:12.599] [SEVERE ] updating countdown to 56000
[12:50:13.600] [SEVERE ] updating countdown to 55000
[12:50:14.601] [SEVERE ] updating countdown to 54000
[12:50:15.404] [SEVERE ] exit button pressed
[12:50:15.508] [SEVERE ] removing tokens from slot 0
[12:50:15.508] [SEVERE ] removing card from slot 0
[12:50:15.610] [SEVERE ] removing tokens from slot 1
[12:50:15.611] [SEVERE ] removing card from slot 1
[12:50:15.712] [SEVERE ] removing tokens from slot 2
[12:50:15.712] [SEVERE ] removing card from slot 2
[12:50:15.814] [SEVERE ] removing tokens from slot 3
[12:50:15.814] [SEVERE ] removing card from slot 3
[12:50:15.915] [SEVERE ] removing tokens from slot 4
[12:50:15.916] [SEVERE ] removing card from slot 4
[12:50:16.017] [SEVERE ] removing tokens from slot 5
[12:50:16.018] [SEVERE ] removing card from slot 5
[12:50:16.119] [SEVERE ] removing tokens from slot 6
[12:50:16.120] [SEVERE ] removing card from slot 6
[12:50:16.221] [SEVERE ] removing tokens from slot 7
[12:50:16.222] [SEVERE ] removing card from slot 7
[12:50:16.323] [SEVERE ] removing tokens from slot 8
[12:50:16.324] [SEVERE ] removing card from slot 8
[12:50:16.425] [SEVERE ] removing tokens from slot 9
[12:50:16.426] [SEVERE ] removing card from slot 9
[12:50:16.527] [SEVERE ] removing tokens from slot 10
[12:50:16.528] [SEVERE ] removing card from slot 10
[12:50:16.629] [SEVERE ] removing tokens from slot 11
[12:50:16.629] [SEVERE ] removing card from slot 11
[12:50:16.630] [SEVERE ] announcing winner(s): player 1, player 2
[12:50:16.631] [INFO   ] Thread dealer terminated.
[12:50:16.631] [INFO   ] thread dealer terminated.
[12:50:16.631] [SEVERE ] thanks for playing... it was fun!
[12:50:16.632] [INFO   ] thread main terminated.
