[12:37:02.834] [INFO   ] thread main starting.
[12:37:02.841] [SEVERE ] cannot read configuration file config.properties trying from resources.
[12:37:02.842] [SEVERE ] configuration file was loaded from resources directory.
[12:37:03.174] [INFO   ] thread dealer starting.
[12:37:03.174] [INFO   ] Thread Thread-1starting.
[12:37:03.175] [INFO   ] Thread dealer starting.
[12:37:03.175] [INFO   ] Thread Thread-2starting.
[12:37:03.182] [SEVERE ] placing card 78 in slot 0
[12:37:03.188] [SEVERE ] placing card 62 in slot 1
[12:37:03.193] [SEVERE ] placing card 58 in slot 2
[12:37:03.194] [SEVERE ] placing card 71 in slot 3
[12:37:03.197] [SEVERE ] placing card 33 in slot 4
[12:37:03.199] [SEVERE ] placing card 63 in slot 5
[12:37:03.201] [SEVERE ] placing card 61 in slot 6
[12:37:03.204] [SEVERE ] placing card 32 in slot 7
[12:37:03.214] [SEVERE ] placing card 23 in slot 8
[12:37:03.214] [SEVERE ] placing card 46 in slot 9
[12:37:03.218] [SEVERE ] placing card 27 in slot 10
[12:37:03.218] [SEVERE ] placing card 18 in slot 11
[12:37:03.219] [SEVERE ] updating countdown to 60000
[12:37:04.222] [SEVERE ] updating countdown to 59000
[12:37:05.221] [SEVERE ] updating countdown to 58000
[12:37:06.225] [SEVERE ] updating countdown to 57000
[12:37:06.428] [SEVERE ] key 65 was pressed by player 1
[12:37:06.430] [SEVERE ] player 1 placing token on slot 4
[12:37:06.495] [SEVERE ] key 68 was pressed by player 1
[12:37:06.495] [SEVERE ] player 1 placing token on slot 6
[12:37:06.682] [SEVERE ] key 68 was pressed by player 1
[12:37:06.683] [SEVERE ] removing player 1 token from slot 6
[12:37:06.916] [SEVERE ] key 65 was pressed by player 1
[12:37:06.916] [SEVERE ] removing player 1 token from slot 4
[12:37:07.049] [SEVERE ] key 65 was pressed by player 1
[12:37:07.050] [SEVERE ] player 1 placing token on slot 4
[12:37:07.099] [SEVERE ] key 68 was pressed by player 1
[12:37:07.100] [SEVERE ] player 1 placing token on slot 6
[12:37:07.224] [SEVERE ] updating countdown to 56000
[12:37:07.313] [SEVERE ] key 65 was pressed by player 1
[12:37:07.314] [SEVERE ] removing player 1 token from slot 4
[12:37:07.319] [SEVERE ] key 68 was pressed by player 1
[12:37:07.319] [SEVERE ] removing player 1 token from slot 6
[12:37:08.209] [SEVERE ] exit button pressed
[12:37:08.219] [SEVERE ] updating countdown to 55000
[12:37:08.220] [SEVERE ] removing tokens from slot 0
[12:37:08.220] [SEVERE ] removing card from slot 0
[12:37:08.221] [SEVERE ] removing tokens from slot 1
[12:37:08.221] [SEVERE ] removing card from slot 1
[12:37:08.221] [SEVERE ] removing tokens from slot 2
[12:37:08.222] [SEVERE ] removing card from slot 2
[12:37:08.222] [SEVERE ] removing tokens from slot 3
[12:37:08.223] [SEVERE ] removing card from slot 3
[12:37:08.223] [SEVERE ] removing tokens from slot 4
[12:37:08.223] [SEVERE ] removing card from slot 4
[12:37:08.224] [SEVERE ] removing tokens from slot 5
[12:37:08.224] [SEVERE ] removing card from slot 5
[12:37:08.225] [SEVERE ] removing tokens from slot 6
[12:37:08.225] [SEVERE ] removing card from slot 6
[12:37:08.226] [SEVERE ] removing tokens from slot 7
[12:37:08.226] [SEVERE ] removing card from slot 7
[12:37:08.227] [SEVERE ] removing tokens from slot 8
[12:37:08.227] [SEVERE ] removing card from slot 8
[12:37:08.228] [SEVERE ] removing tokens from slot 9
[12:37:08.228] [SEVERE ] removing card from slot 9
[12:37:08.229] [SEVERE ] removing tokens from slot 10
[12:37:08.229] [SEVERE ] removing card from slot 10
[12:37:08.230] [SEVERE ] removing tokens from slot 11
[12:37:08.230] [SEVERE ] removing card from slot 11
[12:37:08.232] [SEVERE ] announcing winner(s): player 1, player 2
[12:37:08.233] [INFO   ] Thread dealer terminated.
[12:37:08.233] [INFO   ] thread dealer terminated.
[12:37:08.233] [SEVERE ] thanks for playing... it was fun!
[12:37:08.234] [INFO   ] thread main terminated.
