[12:51:10.975] [INFO   ] thread main starting.
[12:51:10.981] [SEVERE ] cannot read configuration file config.properties trying from resources.
[12:51:10.983] [SEVERE ] configuration file was loaded from resources directory.
[12:51:11.357] [INFO   ] thread dealer starting.
[12:51:11.359] [INFO   ] Thread dealer starting.
[12:51:11.359] [INFO   ] Thread Thread-2starting.
[12:51:11.359] [INFO   ] Thread Thread-1starting.
[12:51:11.464] [SEVERE ] placing card 58 in slot 0
[12:51:11.565] [SEVERE ] placing card 78 in slot 1
[12:51:11.666] [SEVERE ] placing card 72 in slot 2
[12:51:11.766] [SEVERE ] placing card 40 in slot 3
[12:51:11.868] [SEVERE ] placing card 47 in slot 4
[12:51:11.969] [SEVERE ] placing card 33 in slot 5
[12:51:12.070] [SEVERE ] placing card 23 in slot 6
[12:51:12.171] [SEVERE ] placing card 19 in slot 7
[12:51:12.272] [SEVERE ] placing card 63 in slot 8
[12:51:12.373] [SEVERE ] placing card 37 in slot 9
[12:51:12.474] [SEVERE ] placing card 46 in slot 10
[12:51:12.575] [SEVERE ] placing card 15 in slot 11
[12:51:12.577] [SEVERE ] updating countdown to 60000
[12:51:13.585] [SEVERE ] updating countdown to 59000
[12:51:14.338] [SEVERE ] exit button pressed
[12:51:14.449] [SEVERE ] removing tokens from slot 0
[12:51:14.450] [SEVERE ] removing card from slot 0
[12:51:14.551] [SEVERE ] removing tokens from slot 1
[12:51:14.552] [SEVERE ] removing card from slot 1
[12:51:14.653] [SEVERE ] removing tokens from slot 2
[12:51:14.653] [SEVERE ] removing card from slot 2
[12:51:14.754] [SEVERE ] removing tokens from slot 3
[12:51:14.755] [SEVERE ] removing card from slot 3
[12:51:14.856] [SEVERE ] removing tokens from slot 4
[12:51:14.857] [SEVERE ] removing card from slot 4
[12:51:14.958] [SEVERE ] removing tokens from slot 5
[12:51:14.959] [SEVERE ] removing card from slot 5
[12:51:15.060] [SEVERE ] removing tokens from slot 6
[12:51:15.061] [SEVERE ] removing card from slot 6
[12:51:15.162] [SEVERE ] removing tokens from slot 7
[12:51:15.163] [SEVERE ] removing card from slot 7
[12:51:15.264] [SEVERE ] removing tokens from slot 8
[12:51:15.265] [SEVERE ] removing card from slot 8
[12:51:15.366] [SEVERE ] removing tokens from slot 9
[12:51:15.366] [SEVERE ] removing card from slot 9
[12:51:15.468] [SEVERE ] removing tokens from slot 10
[12:51:15.468] [SEVERE ] removing card from slot 10
[12:51:15.569] [SEVERE ] removing tokens from slot 11
[12:51:15.570] [SEVERE ] removing card from slot 11
[12:51:15.575] [SEVERE ] announcing winner(s): player 1, player 2
[12:51:15.576] [INFO   ] Thread dealer terminated.
[12:51:15.576] [INFO   ] thread dealer terminated.
[12:51:15.576] [SEVERE ] thanks for playing... it was fun!
[12:51:15.577] [INFO   ] thread main terminated.
