[12:57:18.210] [INFO   ] thread main starting.
[12:57:18.215] [SEVERE ] cannot read configuration file config.properties trying from resources.
[12:57:18.216] [SEVERE ] configuration file was loaded from resources directory.
[12:57:18.492] [INFO   ] thread dealer starting.
[12:57:18.493] [INFO   ] Thread dealer starting.
[12:57:18.493] [INFO   ] Thread Thread-2starting.
[12:57:18.493] [INFO   ] Thread Thread-1starting.
[12:57:18.597] [SEVERE ] placing card 60 in slot 0
[12:57:18.697] [SEVERE ] placing card 10 in slot 1
[12:57:18.798] [SEVERE ] placing card 42 in slot 2
[12:57:18.899] [SEVERE ] placing card 35 in slot 3
[12:57:19.001] [SEVERE ] placing card 4 in slot 4
[12:57:19.101] [SEVERE ] placing card 31 in slot 5
[12:57:19.201] [SEVERE ] placing card 8 in slot 6
[12:57:19.302] [SEVERE ] placing card 17 in slot 7
[12:57:19.403] [SEVERE ] placing card 39 in slot 8
[12:57:19.504] [SEVERE ] placing card 58 in slot 9
[12:57:19.605] [SEVERE ] placing card 30 in slot 10
[12:57:19.706] [SEVERE ] placing card 34 in slot 11
[12:57:19.706] [SEVERE ] updating countdown to 60000
[12:57:20.709] [SEVERE ] updating countdown to 59000
[12:57:21.235] [SEVERE ] exit button pressed
[12:57:21.340] [SEVERE ] removing tokens from slot 0
[12:57:21.340] [SEVERE ] removing card from slot 0
[12:57:21.441] [SEVERE ] removing tokens from slot 1
[12:57:21.442] [SEVERE ] removing card from slot 1
[12:57:21.543] [SEVERE ] removing tokens from slot 2
[12:57:21.544] [SEVERE ] removing card from slot 2
[12:57:21.645] [SEVERE ] removing tokens from slot 3
[12:57:21.646] [SEVERE ] removing card from slot 3
[12:57:21.747] [SEVERE ] removing tokens from slot 4
[12:57:21.748] [SEVERE ] removing card from slot 4
[12:57:21.849] [SEVERE ] removing tokens from slot 5
[12:57:21.849] [SEVERE ] removing card from slot 5
[12:57:21.950] [SEVERE ] removing tokens from slot 6
[12:57:21.950] [SEVERE ] removing card from slot 6
[12:57:22.051] [SEVERE ] removing tokens from slot 7
[12:57:22.051] [SEVERE ] removing card from slot 7
[12:57:22.152] [SEVERE ] removing tokens from slot 8
[12:57:22.153] [SEVERE ] removing card from slot 8
[12:57:22.254] [SEVERE ] removing tokens from slot 9
[12:57:22.254] [SEVERE ] removing card from slot 9
[12:57:22.355] [SEVERE ] removing tokens from slot 10
[12:57:22.355] [SEVERE ] removing card from slot 10
[12:57:22.456] [SEVERE ] removing tokens from slot 11
[12:57:22.457] [SEVERE ] removing card from slot 11
[12:57:22.462] [SEVERE ] announcing winner(s): player 1, player 2
[12:57:22.465] [INFO   ] Thread dealer terminated.
[12:57:22.466] [INFO   ] thread dealer terminated.
[12:57:22.467] [SEVERE ] thanks for playing... it was fun!
[12:57:22.468] [INFO   ] thread main terminated.
