[12:56:12.627] [INFO   ] thread main starting.
[12:56:12.633] [SEVERE ] cannot read configuration file config.properties trying from resources.
[12:56:12.634] [SEVERE ] configuration file was loaded from resources directory.
[12:56:13.058] [INFO   ] thread dealer starting.
[12:56:13.059] [INFO   ] Thread Thread-1starting.
[12:56:13.059] [INFO   ] Thread Thread-2starting.
[12:56:13.059] [INFO   ] Thread dealer starting.
[12:56:13.169] [SEVERE ] placing card 50 in slot 0
[12:56:13.270] [SEVERE ] placing card 75 in slot 1
[12:56:13.371] [SEVERE ] placing card 13 in slot 2
[12:56:13.472] [SEVERE ] placing card 39 in slot 3
[12:56:13.573] [SEVERE ] placing card 33 in slot 4
[12:56:13.674] [SEVERE ] placing card 24 in slot 5
[12:56:13.776] [SEVERE ] placing card 25 in slot 6
[12:56:13.876] [SEVERE ] placing card 65 in slot 7
[12:56:13.977] [SEVERE ] placing card 28 in slot 8
[12:56:14.078] [SEVERE ] placing card 43 in slot 9
[12:56:14.179] [SEVERE ] placing card 51 in slot 10
[12:56:14.279] [SEVERE ] placing card 71 in slot 11
[12:56:14.281] [SEVERE ] updating countdown to 60000
[12:56:15.281] [SEVERE ] updating countdown to 59000
[12:56:16.283] [SEVERE ] updating countdown to 58000
[12:56:17.289] [SEVERE ] updating countdown to 57000
[12:56:18.284] [SEVERE ] updating countdown to 56000
[12:56:18.703] [SEVERE ] exit button pressed
[12:56:18.812] [SEVERE ] removing tokens from slot 0
[12:56:18.813] [SEVERE ] removing card from slot 0
[12:56:18.913] [SEVERE ] removing tokens from slot 1
[12:56:18.914] [SEVERE ] removing card from slot 1
[12:56:19.015] [SEVERE ] removing tokens from slot 2
[12:56:19.016] [SEVERE ] removing card from slot 2
[12:56:19.117] [SEVERE ] removing tokens from slot 3
[12:56:19.118] [SEVERE ] removing card from slot 3
[12:56:19.219] [SEVERE ] removing tokens from slot 4
[12:56:19.219] [SEVERE ] removing card from slot 4
[12:56:19.320] [SEVERE ] removing tokens from slot 5
[12:56:19.321] [SEVERE ] removing card from slot 5
[12:56:19.422] [SEVERE ] removing tokens from slot 6
[12:56:19.423] [SEVERE ] removing card from slot 6
[12:56:19.524] [SEVERE ] removing tokens from slot 7
[12:56:19.525] [SEVERE ] removing card from slot 7
[12:56:19.626] [SEVERE ] removing tokens from slot 8
[12:56:19.626] [SEVERE ] removing card from slot 8
[12:56:19.727] [SEVERE ] removing tokens from slot 9
[12:56:19.728] [SEVERE ] removing card from slot 9
[12:56:19.829] [SEVERE ] removing tokens from slot 10
[12:56:19.830] [SEVERE ] removing card from slot 10
[12:56:19.931] [SEVERE ] removing tokens from slot 11
[12:56:19.932] [SEVERE ] removing card from slot 11
[12:56:19.936] [SEVERE ] announcing winner(s): player 1, player 2
[12:56:19.937] [INFO   ] Thread dealer terminated.
[12:56:19.938] [INFO   ] thread dealer terminated.
[12:56:19.938] [SEVERE ] thanks for playing... it was fun!
[12:56:19.939] [INFO   ] thread main terminated.
