[09:56:43.927] [INFO   ] thread main starting.
[09:56:43.936] [SEVERE ] cannot read configuration file config.properties trying from resources.
[09:56:43.940] [SEVERE ] configuration file was loaded from resources directory.
[09:56:44.359] [INFO   ] thread dealer starting.
[09:56:44.361] [INFO   ] Thread dealer starting.
[09:56:44.361] [INFO   ] Thread Thread-0starting.
[09:56:44.361] [INFO   ] Thread Thread-1starting.
[09:56:44.476] [SEVERE ] placing card 22 in slot 0
[09:56:44.578] [SEVERE ] placing card 41 in slot 1
[09:56:44.686] [SEVERE ] placing card 7 in slot 2
[09:56:44.794] [SEVERE ] placing card 1 in slot 3
[09:56:44.912] [SEVERE ] placing card 80 in slot 4
[09:56:45.027] [SEVERE ] placing card 46 in slot 5
[09:56:45.144] [SEVERE ] placing card 8 in slot 6
[09:56:45.259] [SEVERE ] placing card 62 in slot 7
[09:56:45.369] [SEVERE ] placing card 53 in slot 8
[09:56:45.478] [SEVERE ] placing card 45 in slot 9
[09:56:45.587] [SEVERE ] placing card 25 in slot 10
[09:56:45.696] [SEVERE ] placing card 63 in slot 11
[09:56:45.697] [SEVERE ] updating countdown to 60000
[09:56:46.706] [SEVERE ] updating countdown to 59000
[09:56:47.701] [SEVERE ] updating countdown to 58000
[09:56:48.701] [SEVERE ] updating countdown to 57000
[09:56:49.702] [SEVERE ] updating countdown to 56000
[09:56:50.706] [SEVERE ] updating countdown to 55000
[09:56:51.699] [SEVERE ] updating countdown to 54000
[09:56:52.697] [SEVERE ] updating countdown to 53000
[09:56:53.705] [SEVERE ] updating countdown to 52000
[09:56:54.704] [SEVERE ] updating countdown to 51000
[09:56:55.700] [SEVERE ] updating countdown to 50000
[09:56:56.699] [SEVERE ] updating countdown to 49000
[09:56:57.712] [SEVERE ] updating countdown to 48000
[09:56:58.709] [SEVERE ] updating countdown to 47000
[09:56:59.132] [SEVERE ] exit button pressed
[09:56:59.254] [SEVERE ] removing tokens from slot 0
[09:56:59.255] [SEVERE ] removing card from slot 0
[09:56:59.362] [SEVERE ] removing tokens from slot 1
[09:56:59.363] [SEVERE ] removing card from slot 1
[09:56:59.472] [SEVERE ] removing tokens from slot 2
[09:56:59.473] [SEVERE ] removing card from slot 2
[09:56:59.581] [SEVERE ] removing tokens from slot 3
[09:56:59.582] [SEVERE ] removing card from slot 3
[09:56:59.689] [SEVERE ] removing tokens from slot 4
[09:56:59.690] [SEVERE ] removing card from slot 4
[09:56:59.798] [SEVERE ] removing tokens from slot 5
[09:56:59.799] [SEVERE ] removing card from slot 5
[09:56:59.909] [SEVERE ] removing tokens from slot 6
[09:56:59.910] [SEVERE ] removing card from slot 6
[09:57:00.018] [SEVERE ] removing tokens from slot 7
[09:57:00.018] [SEVERE ] removing card from slot 7
[09:57:00.125] [SEVERE ] removing tokens from slot 8
[09:57:00.125] [SEVERE ] removing card from slot 8
[09:57:00.234] [SEVERE ] removing tokens from slot 9
[09:57:00.235] [SEVERE ] removing card from slot 9
[09:57:00.344] [SEVERE ] removing tokens from slot 10
[09:57:00.345] [SEVERE ] removing card from slot 10
[09:57:00.452] [SEVERE ] removing tokens from slot 11
[09:57:00.453] [SEVERE ] removing card from slot 11
[09:57:00.460] [SEVERE ] announcing winner(s): player 1, player 2
[09:57:00.462] [INFO   ] Thread dealer terminated.
[09:57:00.462] [INFO   ] thread dealer terminated.
[09:57:00.462] [SEVERE ] thanks for playing... it was fun!
[09:57:00.462] [INFO   ] thread main terminated.
