[09:54:49.514] [INFO   ] thread main starting.
[09:54:49.523] [SEVERE ] cannot read configuration file config.properties trying from resources.
[09:54:49.525] [SEVERE ] configuration file was loaded from resources directory.
[09:54:50.024] [INFO   ] thread dealer starting.
[09:54:50.024] [INFO   ] Thread dealer starting.
[09:54:50.025] [INFO   ] Thread Thread-1starting.
[09:54:50.024] [INFO   ] Thread Thread-0starting.
[09:54:50.141] [SEVERE ] placing card 18 in slot 0
[09:54:50.245] [SEVERE ] placing card 74 in slot 1
[09:54:50.353] [SEVERE ] placing card 24 in slot 2
[09:54:50.467] [SEVERE ] placing card 29 in slot 3
[09:54:50.581] [SEVERE ] placing card 30 in slot 4
[09:54:50.684] [SEVERE ] placing card 1 in slot 5
[09:54:50.799] [SEVERE ] placing card 37 in slot 6
[09:54:50.914] [SEVERE ] placing card 21 in slot 7
[09:54:51.024] [SEVERE ] placing card 62 in slot 8
[09:54:51.132] [SEVERE ] placing card 54 in slot 9
[09:54:51.237] [SEVERE ] placing card 75 in slot 10
[09:54:51.347] [SEVERE ] placing card 36 in slot 11
[09:54:51.349] [SEVERE ] updating countdown to 60000
[09:54:52.357] [SEVERE ] updating countdown to 59000
[09:54:53.358] [SEVERE ] updating countdown to 58000
[09:54:54.353] [SEVERE ] updating countdown to 57000
[09:54:55.354] [SEVERE ] updating countdown to 56000
[09:54:56.353] [SEVERE ] updating countdown to 55000
[09:54:57.362] [SEVERE ] updating countdown to 54000
[09:54:58.359] [SEVERE ] updating countdown to 53000
[09:54:59.352] [SEVERE ] updating countdown to 52000
[09:55:00.349] [SEVERE ] updating countdown to 51000
[09:55:01.357] [SEVERE ] updating countdown to 50000
[09:55:02.350] [SEVERE ] updating countdown to 49000
[09:55:03.357] [SEVERE ] updating countdown to 48000
[09:55:04.359] [SEVERE ] updating countdown to 47000
[09:55:05.355] [SEVERE ] updating countdown to 46000
[09:55:06.360] [SEVERE ] updating countdown to 45000
[09:55:07.363] [SEVERE ] updating countdown to 44000
[09:55:08.357] [SEVERE ] updating countdown to 43000
[09:55:09.364] [SEVERE ] updating countdown to 42000
[09:55:10.352] [SEVERE ] updating countdown to 41000
[09:55:11.356] [SEVERE ] updating countdown to 40000
[09:55:12.358] [SEVERE ] updating countdown to 39000
[09:55:13.353] [SEVERE ] updating countdown to 38000
[09:55:14.362] [SEVERE ] updating countdown to 37000
[09:55:15.353] [SEVERE ] updating countdown to 36000
[09:55:16.355] [SEVERE ] updating countdown to 35000
[09:55:17.360] [SEVERE ] updating countdown to 34000
[09:55:17.865] [SEVERE ] key 81 was pressed by player 1
[09:55:17.865] [SEVERE ] player 1 placing token on slot 0
[09:55:18.350] [SEVERE ] updating countdown to 33000
[09:55:19.354] [SEVERE ] updating countdown to 32000
[09:55:20.359] [SEVERE ] updating countdown to 31000
[09:55:20.531] [SEVERE ] key 69 was pressed by player 1
[09:55:20.531] [SEVERE ] player 1 placing token on slot 2
[09:55:21.364] [SEVERE ] updating countdown to 30000
[09:55:22.353] [SEVERE ] updating countdown to 29000
[09:55:23.363] [SEVERE ] updating countdown to 28000
[09:55:24.120] [SEVERE ] key 70 was pressed by player 1
[09:55:24.120] [SEVERE ] player 1 placing token on slot 7
[09:55:24.230] [SEVERE ] removing tokens from slot 0
[09:55:24.230] [SEVERE ] removing card from slot 0
[09:55:24.341] [SEVERE ] removing tokens from slot 2
[09:55:24.341] [SEVERE ] removing card from slot 2
[09:55:24.452] [SEVERE ] removing tokens from slot 7
[09:55:24.452] [SEVERE ] removing card from slot 7
[09:55:24.452] [SEVERE ] updating countdown to 60000
[09:55:24.562] [SEVERE ] placing card 3 in slot 0
[09:55:24.672] [SEVERE ] placing card 13 in slot 2
[09:55:24.781] [SEVERE ] placing card 7 in slot 7
[09:55:24.781] [SEVERE ] setting player 1 score to 1
[09:55:24.781] [SEVERE ] setting player 1 freeze to 1000
[09:55:25.457] [SEVERE ] updating countdown to 59000
[09:55:25.788] [SEVERE ] setting player 1 freeze to 0
[09:55:26.467] [SEVERE ] updating countdown to 58000
[09:55:27.461] [SEVERE ] updating countdown to 57000
[09:55:28.284] [SEVERE ] exit button pressed
[09:55:28.406] [SEVERE ] removing tokens from slot 0
[09:55:28.406] [SEVERE ] removing card from slot 0
[09:55:28.516] [SEVERE ] removing tokens from slot 1
[09:55:28.516] [SEVERE ] removing card from slot 1
[09:55:28.625] [SEVERE ] removing tokens from slot 2
[09:55:28.625] [SEVERE ] removing card from slot 2
[09:55:28.735] [SEVERE ] removing tokens from slot 3
[09:55:28.735] [SEVERE ] removing card from slot 3
[09:55:28.845] [SEVERE ] removing tokens from slot 4
[09:55:28.845] [SEVERE ] removing card from slot 4
[09:55:28.954] [SEVERE ] removing tokens from slot 5
[09:55:28.954] [SEVERE ] removing card from slot 5
[09:55:29.064] [SEVERE ] removing tokens from slot 6
[09:55:29.064] [SEVERE ] removing card from slot 6
[09:55:29.174] [SEVERE ] removing tokens from slot 7
[09:55:29.174] [SEVERE ] removing card from slot 7
[09:55:29.283] [SEVERE ] removing tokens from slot 8
[09:55:29.283] [SEVERE ] removing card from slot 8
[09:55:29.393] [SEVERE ] removing tokens from slot 9
[09:55:29.393] [SEVERE ] removing card from slot 9
[09:55:29.502] [SEVERE ] removing tokens from slot 10
[09:55:29.502] [SEVERE ] removing card from slot 10
[09:55:29.613] [SEVERE ] removing tokens from slot 11
[09:55:29.613] [SEVERE ] removing card from slot 11
[09:55:29.613] [SEVERE ] announcing winner(s): player 1
[09:55:29.613] [INFO   ] Thread dealer terminated.
[09:55:29.613] [INFO   ] thread dealer terminated.
[09:55:29.613] [SEVERE ] thanks for playing... it was fun!
[09:55:29.613] [INFO   ] thread main terminated.
