[10:10:14.424] [INFO   ] thread main starting.
[10:10:14.431] [SEVERE ] cannot read configuration file config.properties trying from resources.
[10:10:14.433] [SEVERE ] configuration file was loaded from resources directory.
[10:10:14.911] [INFO   ] thread dealer starting.
[10:10:14.912] [INFO   ] Thread dealer starting.
[10:10:14.912] [INFO   ] Thread Thread-0starting.
[10:10:14.912] [INFO   ] Thread Thread-1starting.
[10:10:15.022] [SEVERE ] placing card 5 in slot 0
[10:10:15.138] [SEVERE ] placing card 21 in slot 1
[10:10:15.250] [SEVERE ] placing card 77 in slot 2
[10:10:15.362] [SEVERE ] placing card 36 in slot 3
[10:10:15.471] [SEVERE ] placing card 0 in slot 4
[10:10:15.583] [SEVERE ] placing card 15 in slot 5
[10:10:15.693] [SEVERE ] placing card 22 in slot 6
[10:10:15.803] [SEVERE ] placing card 12 in slot 7
[10:10:15.914] [SEVERE ] placing card 44 in slot 8
[10:10:16.024] [SEVERE ] placing card 49 in slot 9
[10:10:16.135] [SEVERE ] placing card 78 in slot 10
[10:10:16.244] [SEVERE ] placing card 25 in slot 11
[10:10:16.244] [SEVERE ] updating countdown to 60000
[10:10:17.247] [SEVERE ] updating countdown to 59000
[10:10:18.250] [SEVERE ] updating countdown to 58000
[10:10:19.255] [SEVERE ] updating countdown to 57000
[10:10:20.249] [SEVERE ] updating countdown to 56000
[10:10:21.253] [SEVERE ] updating countdown to 55000
[10:10:22.258] [SEVERE ] updating countdown to 54000
[10:10:23.248] [SEVERE ] updating countdown to 53000
[10:10:24.251] [SEVERE ] updating countdown to 52000
[10:10:25.258] [SEVERE ] updating countdown to 51000
[10:10:26.248] [SEVERE ] updating countdown to 50000
[10:10:27.252] [SEVERE ] updating countdown to 49000
[10:10:28.244] [SEVERE ] updating countdown to 48000
[10:10:29.249] [SEVERE ] updating countdown to 47000
[10:10:30.251] [SEVERE ] updating countdown to 46000
[10:10:31.252] [SEVERE ] updating countdown to 45000
[10:10:31.487] [SEVERE ] key 65 was pressed by player 1
[10:10:31.500] [SEVERE ] player 1 placing token on slot 4
[10:10:32.258] [SEVERE ] updating countdown to 44000
[10:10:32.824] [SEVERE ] key 83 was pressed by player 1
[10:10:32.839] [SEVERE ] player 1 placing token on slot 5
[10:10:33.249] [SEVERE ] updating countdown to 43000
[10:10:34.253] [SEVERE ] updating countdown to 42000
[10:10:34.933] [SEVERE ] key 87 was pressed by player 1
[10:10:34.948] [SEVERE ] player 1 placing token on slot 1
[10:10:35.058] [SEVERE ] removing tokens from slot 1
[10:10:35.058] [SEVERE ] removing card from slot 1
[10:10:35.170] [SEVERE ] removing tokens from slot 4
[10:10:35.170] [SEVERE ] removing card from slot 4
[10:10:35.280] [SEVERE ] removing tokens from slot 5
[10:10:35.281] [SEVERE ] removing card from slot 5
[10:10:35.281] [SEVERE ] updating countdown to 60000
[10:10:35.390] [SEVERE ] placing card 17 in slot 1
[10:10:35.499] [SEVERE ] placing card 34 in slot 4
[10:10:35.609] [SEVERE ] placing card 73 in slot 5
[10:10:35.609] [SEVERE ] setting player 1 score to 1
[10:10:35.609] [SEVERE ] setting player 1 freeze to 1000
[10:10:36.287] [SEVERE ] updating countdown to 59000
[10:10:36.617] [SEVERE ] setting player 1 freeze to 0
[10:10:37.287] [SEVERE ] updating countdown to 58000
[10:10:38.284] [SEVERE ] updating countdown to 57000
[10:10:39.292] [SEVERE ] updating countdown to 56000
[10:10:40.268] [SEVERE ] exit button pressed
[10:10:40.284] [SEVERE ] updating countdown to 55000
[10:10:40.393] [SEVERE ] removing tokens from slot 0
[10:10:40.393] [SEVERE ] removing card from slot 0
[10:10:40.504] [SEVERE ] removing tokens from slot 1
[10:10:40.504] [SEVERE ] removing card from slot 1
[10:10:40.614] [SEVERE ] removing tokens from slot 2
[10:10:40.614] [SEVERE ] removing card from slot 2
[10:10:40.723] [SEVERE ] removing tokens from slot 3
[10:10:40.723] [SEVERE ] removing card from slot 3
[10:10:40.833] [SEVERE ] removing tokens from slot 4
[10:10:40.833] [SEVERE ] removing card from slot 4
[10:10:40.944] [SEVERE ] removing tokens from slot 5
[10:10:40.944] [SEVERE ] removing card from slot 5
[10:10:41.054] [SEVERE ] removing tokens from slot 6
[10:10:41.054] [SEVERE ] removing card from slot 6
[10:10:41.164] [SEVERE ] removing tokens from slot 7
[10:10:41.164] [SEVERE ] removing card from slot 7
[10:10:41.273] [SEVERE ] removing tokens from slot 8
[10:10:41.273] [SEVERE ] removing card from slot 8
[10:10:41.383] [SEVERE ] removing tokens from slot 9
[10:10:41.383] [SEVERE ] removing card from slot 9
[10:10:41.492] [SEVERE ] removing tokens from slot 10
[10:10:41.494] [SEVERE ] removing card from slot 10
[10:10:41.604] [SEVERE ] removing tokens from slot 11
[10:10:41.604] [SEVERE ] removing card from slot 11
[10:10:41.604] [SEVERE ] announcing winner(s): player 1
[10:10:41.604] [INFO   ] Thread dealer terminated.
[10:10:41.604] [INFO   ] thread dealer terminated.
[10:10:41.604] [SEVERE ] thanks for playing... it was fun!
[10:10:41.604] [INFO   ] thread main terminated.
