[10:01:46.609] [INFO   ] thread main starting.
[10:01:46.615] [SEVERE ] cannot read configuration file config.properties trying from resources.
[10:01:46.617] [SEVERE ] configuration file was loaded from resources directory.
[10:01:47.037] [INFO   ] thread dealer starting.
[10:01:47.038] [INFO   ] Thread dealer starting.
[10:01:47.038] [INFO   ] Thread Thread-1starting.
[10:01:47.038] [INFO   ] Thread Thread-0starting.
[10:01:47.155] [SEVERE ] placing card 34 in slot 0
[10:01:47.267] [SEVERE ] placing card 69 in slot 1
[10:01:47.371] [SEVERE ] placing card 68 in slot 2
[10:01:47.472] [SEVERE ] placing card 31 in slot 3
[10:01:47.585] [SEVERE ] placing card 1 in slot 4
[10:01:47.700] [SEVERE ] placing card 51 in slot 5
[10:01:47.801] [SEVERE ] placing card 44 in slot 6
[10:01:47.909] [SEVERE ] placing card 56 in slot 7
[10:01:48.025] [SEVERE ] placing card 7 in slot 8
[10:01:48.135] [SEVERE ] placing card 6 in slot 9
[10:01:48.246] [SEVERE ] placing card 11 in slot 10
[10:01:48.357] [SEVERE ] placing card 72 in slot 11
[10:01:48.357] [SEVERE ] updating countdown to 60000
[10:01:49.365] [SEVERE ] updating countdown to 59000
[10:01:50.363] [SEVERE ] updating countdown to 58000
[10:01:51.360] [SEVERE ] updating countdown to 57000
[10:01:52.368] [SEVERE ] updating countdown to 56000
[10:01:53.360] [SEVERE ] updating countdown to 55000
[10:01:54.369] [SEVERE ] updating countdown to 54000
[10:01:55.359] [SEVERE ] updating countdown to 53000
[10:01:56.363] [SEVERE ] updating countdown to 52000
[10:01:57.370] [SEVERE ] updating countdown to 51000
[10:01:58.363] [SEVERE ] updating countdown to 50000
[10:01:59.368] [SEVERE ] updating countdown to 49000
[10:02:00.360] [SEVERE ] updating countdown to 48000
[10:02:01.370] [SEVERE ] updating countdown to 47000
[10:02:02.358] [SEVERE ] updating countdown to 46000
[10:02:03.363] [SEVERE ] updating countdown to 45000
[10:02:04.367] [SEVERE ] updating countdown to 44000
[10:02:05.357] [SEVERE ] updating countdown to 43000
[10:02:06.363] [SEVERE ] updating countdown to 42000
[10:02:07.371] [SEVERE ] updating countdown to 41000
[10:02:08.370] [SEVERE ] updating countdown to 40000
[10:02:09.360] [SEVERE ] updating countdown to 39000
[10:02:10.363] [SEVERE ] updating countdown to 38000
[10:02:11.368] [SEVERE ] updating countdown to 37000
[10:02:12.359] [SEVERE ] updating countdown to 36000
[10:02:13.367] [SEVERE ] updating countdown to 35000
[10:02:14.137] [SEVERE ] exit button pressed
[10:02:14.263] [SEVERE ] removing tokens from slot 0
[10:02:14.264] [SEVERE ] removing card from slot 0
[10:02:14.373] [SEVERE ] removing tokens from slot 1
[10:02:14.375] [SEVERE ] removing card from slot 1
[10:02:14.484] [SEVERE ] removing tokens from slot 2
[10:02:14.484] [SEVERE ] removing card from slot 2
[10:02:14.594] [SEVERE ] removing tokens from slot 3
[10:02:14.594] [SEVERE ] removing card from slot 3
[10:02:14.704] [SEVERE ] removing tokens from slot 4
[10:02:14.704] [SEVERE ] removing card from slot 4
[10:02:14.814] [SEVERE ] removing tokens from slot 5
[10:02:14.814] [SEVERE ] removing card from slot 5
[10:02:14.925] [SEVERE ] removing tokens from slot 6
[10:02:14.926] [SEVERE ] removing card from slot 6
[10:02:15.035] [SEVERE ] removing tokens from slot 7
[10:02:15.035] [SEVERE ] removing card from slot 7
[10:02:15.145] [SEVERE ] removing tokens from slot 8
[10:02:15.145] [SEVERE ] removing card from slot 8
[10:02:15.255] [SEVERE ] removing tokens from slot 9
[10:02:15.255] [SEVERE ] removing card from slot 9
[10:02:15.366] [SEVERE ] removing tokens from slot 10
[10:02:15.366] [SEVERE ] removing card from slot 10
[10:02:15.477] [SEVERE ] removing tokens from slot 11
[10:02:15.477] [SEVERE ] removing card from slot 11
[10:02:15.484] [SEVERE ] announcing winner(s): player 1, player 2
[10:02:15.490] [INFO   ] Thread dealer terminated.
[10:02:15.490] [INFO   ] thread dealer terminated.
[10:02:15.490] [SEVERE ] thanks for playing... it was fun!
[10:02:15.493] [INFO   ] thread main terminated.
